<?xml version="1.0" encoding="UTF-8"?>
<!-- Generated by org.testng.reporters.JUnitReportReporter -->
<testsuite hostname="SivaKumar" name="testcase.TestCases" tests="1" failures="0" timestamp="23 May 2017 02:12:36 GMT" time="15.084" errors="0">
  <testcase name="firstest" time="15.084" classname="testcase.TestCases"/>
</testsuite> <!-- testcase.TestCases -->
