<?xml version="1.0" encoding="UTF-8"?>
<!-- Generated by org.testng.reporters.JUnitReportReporter -->
<testsuite hostname="SivaKumar" name="utils.DataInputprovider" tests="1" failures="0" timestamp="14 Dec 2016 20:05:43 GMT" time="0.652" errors="0">
  <testcase name="getSheet" time="0.652" classname="utils.DataInputprovider"/>
</testsuite> <!-- utils.DataInputprovider -->
